;/////////////////////////////////////////////////////////////////////////////////
;// Code Generator: BoostC Compiler - http://www.sourceboost.com
;// Version       : 7.03
;// License Type  : Pro License
;// Limitations   : PIC12,PIC16 max code size:Unlimited, max RAM banks:Unlimited
;/////////////////////////////////////////////////////////////////////////////////

	ORG 0x00000000
0000  2BE7  	GOTO	_startup
	ORG 0x00000004
0004  00FF  	MOVWF Int1Context
0005  0E03  	SWAPF STATUS, W
0006  1283  	BCF STATUS, RP0
0007  1303  	BCF STATUS, RP1
0008  00B4  	MOVWF Int1BContext
0009  0E0A  	SWAPF PCLATH, W
000A  00B5  	MOVWF Int1BContext+D'1'
000B  0E04  	SWAPF FSR, W
000C  00B6  	MOVWF Int1BContext+D'2'
000D  118A  	BCF PCLATH,3
000E  120A  	BCF PCLATH,4
000F  2C2F  	GOTO	interrupt
	ORG 0x00000010
0010        delay_us_00000
0010        ; { delay_us ; function begin
0010        label1
0010  0000  	NOP
0011  0000  	NOP
0012  0BDE  	DECFSZ delay_us_00000_arg_del, F
0013  2810  	GOTO	label1
0014  0008  	RETURN
0015        ; } delay_us function end

	ORG 0x00000015
0015        FCM_TIMEKE_0005A
0015        ; { FCM_TIMEKEEP ; function begin
0015  1283  	BCF STATUS, RP0
0016  1303  	BCF STATUS, RP1
0017  0356  	DECF gbl_FCV_FLAG_STARTSTOP, W
0018  1D03  	BTFSS STATUS,Z
0019  0008  	RETURN
001A  08B9  	MOVF gbl_FCV_TIME_CNT, F
001B  08BA  	MOVF gbl_FCV_TIME_CNT+D'1', F
001C  0AB9  	INCF gbl_FCV_TIME_CNT, F
001D  1903  	BTFSC STATUS,Z
001E  0ABA  	INCF gbl_FCV_TIME_CNT+D'1', F
001F  0839  	MOVF gbl_FCV_TIME_CNT, W
0020  3AC4  	XORLW 0xC4
0021  3004  	MOVLW 0x04
0022  1903  	BTFSC STATUS,Z
0023  063A  	XORWF gbl_FCV_TIME_CNT+D'1', W
0024  1D03  	BTFSS STATUS,Z
0025  0008  	RETURN
0026  034D  	DECF gbl_FCV_GTIME_SEC, W
0027  00CD  	MOVWF gbl_FCV_GTIME_SEC
0028  0355  	DECF gbl_FCV_SHOTCLOCK, W
0029  00D5  	MOVWF gbl_FCV_SHOTCLOCK
002A  0A55  	INCF gbl_FCV_SHOTCLOCK, W
002B  1D03  	BTFSS STATUS,Z
002C  282F  	GOTO	label2
002D  01D5  	CLRF gbl_FCV_SHOTCLOCK
002E  01D6  	CLRF gbl_FCV_FLAG_STARTSTOP
002F        label2
002F  0A4D  	INCF gbl_FCV_GTIME_SEC, W
0030  1D03  	BTFSS STATUS,Z
0031  2836  	GOTO	label3
0032  303B  	MOVLW 0x3B
0033  00CD  	MOVWF gbl_FCV_GTIME_SEC
0034  034E  	DECF gbl_FCV_GTIME_MIN, W
0035  00CE  	MOVWF gbl_FCV_GTIME_MIN
0036        label3
0036  01B9  	CLRF gbl_FCV_TIME_CNT
0037  01BA  	CLRF gbl_FCV_TIME_CNT+D'1'
0038  0008  	RETURN
0039        ; } FCM_TIMEKEEP function end

	ORG 0x00000039
0039        FCM_clk_pu_00052
0039        ; { FCM_clk_pulse ; function begin
0039  30EF  	MOVLW 0xEF
003A  1683  	BSF STATUS, RP0
003B  1303  	BCF STATUS, RP1
003C  0505  	ANDWF gbl_trisa, W
003D  0085  	MOVWF gbl_trisa
003E  30EF  	MOVLW 0xEF
003F  1283  	BCF STATUS, RP0
0040  0505  	ANDWF gbl_porta, W
0041  00E2  	MOVWF CompTempVar2188
0042  3010  	MOVLW 0x10
0043  0462  	IORWF CompTempVar2188, W
0044  0085  	MOVWF gbl_porta
0045  30EF  	MOVLW 0xEF
0046  1683  	BSF STATUS, RP0
0047  0505  	ANDWF gbl_trisa, W
0048  0085  	MOVWF gbl_trisa
0049  30EF  	MOVLW 0xEF
004A  1283  	BCF STATUS, RP0
004B  0505  	ANDWF gbl_porta, W
004C  0085  	MOVWF gbl_porta
004D  0008  	RETURN
004E        ; } FCM_clk_pulse function end

	ORG 0x0000004E
004E        FCM_SevenS_00051
004E        ; { FCM_SevenSegment ; function begin
004E  1283  	BCF STATUS, RP0
004F  1303  	BCF STATUS, RP1
0050  084F  	MOVF gbl_FCV_DISPLAY_SEVENSEG, W
0051  3A01  	XORLW 0x01
0052  1903  	BTFSC STATUS,Z
0053  2870  	GOTO	label4
0054  3A03  	XORLW 0x03
0055  1903  	BTFSC STATUS,Z
0056  2876  	GOTO	label5
0057  3A01  	XORLW 0x01
0058  1903  	BTFSC STATUS,Z
0059  287C  	GOTO	label6
005A  3A07  	XORLW 0x07
005B  1903  	BTFSC STATUS,Z
005C  2882  	GOTO	label7
005D  3A01  	XORLW 0x01
005E  1903  	BTFSC STATUS,Z
005F  2888  	GOTO	label8
0060  3A03  	XORLW 0x03
0061  1903  	BTFSC STATUS,Z
0062  288E  	GOTO	label9
0063  3A01  	XORLW 0x01
0064  1903  	BTFSC STATUS,Z
0065  2894  	GOTO	label10
0066  3A0F  	XORLW 0x0F
0067  1903  	BTFSC STATUS,Z
0068  289A  	GOTO	label11
0069  3A01  	XORLW 0x01
006A  1903  	BTFSC STATUS,Z
006B  28A0  	GOTO	label12
006C  3A09  	XORLW 0x09
006D  1903  	BTFSC STATUS,Z
006E  28A6  	GOTO	label13
006F  28AC  	GOTO	label14
0070        label4
0070  1683  	BSF STATUS, RP0
0071  0186  	CLRF gbl_trisb
0072  3006  	MOVLW 0x06
0073  1283  	BCF STATUS, RP0
0074  0086  	MOVWF gbl_portb
0075  0008  	RETURN
0076        label5
0076  1683  	BSF STATUS, RP0
0077  0186  	CLRF gbl_trisb
0078  305B  	MOVLW 0x5B
0079  1283  	BCF STATUS, RP0
007A  0086  	MOVWF gbl_portb
007B  0008  	RETURN
007C        label6
007C  1683  	BSF STATUS, RP0
007D  0186  	CLRF gbl_trisb
007E  304F  	MOVLW 0x4F
007F  1283  	BCF STATUS, RP0
0080  0086  	MOVWF gbl_portb
0081  0008  	RETURN
0082        label7
0082  1683  	BSF STATUS, RP0
0083  0186  	CLRF gbl_trisb
0084  3066  	MOVLW 0x66
0085  1283  	BCF STATUS, RP0
0086  0086  	MOVWF gbl_portb
0087  0008  	RETURN
0088        label8
0088  1683  	BSF STATUS, RP0
0089  0186  	CLRF gbl_trisb
008A  306D  	MOVLW 0x6D
008B  1283  	BCF STATUS, RP0
008C  0086  	MOVWF gbl_portb
008D  0008  	RETURN
008E        label9
008E  1683  	BSF STATUS, RP0
008F  0186  	CLRF gbl_trisb
0090  307D  	MOVLW 0x7D
0091  1283  	BCF STATUS, RP0
0092  0086  	MOVWF gbl_portb
0093  0008  	RETURN
0094        label10
0094  1683  	BSF STATUS, RP0
0095  0186  	CLRF gbl_trisb
0096  3007  	MOVLW 0x07
0097  1283  	BCF STATUS, RP0
0098  0086  	MOVWF gbl_portb
0099  0008  	RETURN
009A        label11
009A  1683  	BSF STATUS, RP0
009B  0186  	CLRF gbl_trisb
009C  307F  	MOVLW 0x7F
009D  1283  	BCF STATUS, RP0
009E  0086  	MOVWF gbl_portb
009F  0008  	RETURN
00A0        label12
00A0  1683  	BSF STATUS, RP0
00A1  0186  	CLRF gbl_trisb
00A2  306F  	MOVLW 0x6F
00A3  1283  	BCF STATUS, RP0
00A4  0086  	MOVWF gbl_portb
00A5  0008  	RETURN
00A6        label13
00A6  1683  	BSF STATUS, RP0
00A7  0186  	CLRF gbl_trisb
00A8  303F  	MOVLW 0x3F
00A9  1283  	BCF STATUS, RP0
00AA  0086  	MOVWF gbl_portb
00AB  0008  	RETURN
00AC        label14
00AC  084F  	MOVF gbl_FCV_DISPLAY_SEVENSEG, W
00AD  3A0A  	XORLW 0x0A
00AE  1903  	BTFSC STATUS,Z
00AF  28B4  	GOTO	label15
00B0  3AF5  	XORLW 0xF5
00B1  1903  	BTFSC STATUS,Z
00B2  28BA  	GOTO	label16
00B3  0008  	RETURN
00B4        label15
00B4  1683  	BSF STATUS, RP0
00B5  0186  	CLRF gbl_trisb
00B6  3073  	MOVLW 0x73
00B7  1283  	BCF STATUS, RP0
00B8  0086  	MOVWF gbl_portb
00B9  0008  	RETURN
00BA        label16
00BA  1683  	BSF STATUS, RP0
00BB  0186  	CLRF gbl_trisb
00BC  1283  	BCF STATUS, RP0
00BD  0186  	CLRF gbl_portb
00BE  0008  	RETURN
00BF        ; } FCM_SevenSegment function end

	ORG 0x000000BF
00BF        FCM_Scan_00000
00BF        ; { FCM_Scan ; function begin
00BF  1283  	BCF STATUS, RP0
00C0  1303  	BCF STATUS, RP1
00C1  01D8  	CLRF gbl_FCLV_LOOP1
00C2        label17
00C2  3008  	MOVLW 0x08
00C3  0258  	SUBWF gbl_FCLV_LOOP1, W
00C4  1803  	BTFSC STATUS,C
00C5  28E8  	GOTO	label20
00C6  3001  	MOVLW 0x01
00C7  0548  	ANDWF gbl_FCV_SCAN1, W
00C8  00E2  	MOVWF CompTempVar2189
00C9  01E3  	CLRF CompTempVar2190
00CA  08E2  	MOVF CompTempVar2189, F
00CB  1D03  	BTFSS STATUS,Z
00CC  1463  	BSF CompTempVar2190,0
00CD  1145  	BCF gbl_FCV_DAT,2
00CE  0863  	MOVF CompTempVar2190, W
00CF  1D03  	BTFSS STATUS,Z
00D0  1545  	BSF gbl_FCV_DAT,2
00D1  30F7  	MOVLW 0xF7
00D2  1683  	BSF STATUS, RP0
00D3  0505  	ANDWF gbl_trisa, W
00D4  0085  	MOVWF gbl_trisa
00D5  1283  	BCF STATUS, RP0
00D6  1D45  	BTFSS gbl_FCV_DAT,2
00D7  28DF  	GOTO	label18
00D8  30F7  	MOVLW 0xF7
00D9  0505  	ANDWF gbl_porta, W
00DA  00E2  	MOVWF CompTempVar2191
00DB  3008  	MOVLW 0x08
00DC  0462  	IORWF CompTempVar2191, W
00DD  0085  	MOVWF gbl_porta
00DE  28E2  	GOTO	label19
00DF        label18
00DF  30F7  	MOVLW 0xF7
00E0  0505  	ANDWF gbl_porta, W
00E1  0085  	MOVWF gbl_porta
00E2        label19
00E2  2039  	CALL FCM_clk_pu_00052
00E3  08C8  	MOVF gbl_FCV_SCAN1, F
00E4  1003  	BCF STATUS,C
00E5  0CC8  	RRF gbl_FCV_SCAN1, F
00E6  0AD8  	INCF gbl_FCLV_LOOP1, F
00E7  28C2  	GOTO	label17
00E8        label20
00E8  01D9  	CLRF gbl_FCLV_LOOP2
00E9        label21
00E9  3008  	MOVLW 0x08
00EA  0259  	SUBWF gbl_FCLV_LOOP2, W
00EB  1803  	BTFSC STATUS,C
00EC  0008  	RETURN
00ED  3001  	MOVLW 0x01
00EE  0549  	ANDWF gbl_FCV_SCAN2, W
00EF  00E2  	MOVWF CompTempVar2193
00F0  01E3  	CLRF CompTempVar2194
00F1  08E2  	MOVF CompTempVar2193, F
00F2  1D03  	BTFSS STATUS,Z
00F3  1463  	BSF CompTempVar2194,0
00F4  1145  	BCF gbl_FCV_DAT,2
00F5  0863  	MOVF CompTempVar2194, W
00F6  1D03  	BTFSS STATUS,Z
00F7  1545  	BSF gbl_FCV_DAT,2
00F8  30F7  	MOVLW 0xF7
00F9  1683  	BSF STATUS, RP0
00FA  0505  	ANDWF gbl_trisa, W
00FB  0085  	MOVWF gbl_trisa
00FC  1283  	BCF STATUS, RP0
00FD  1D45  	BTFSS gbl_FCV_DAT,2
00FE  2906  	GOTO	label22
00FF  30F7  	MOVLW 0xF7
0100  0505  	ANDWF gbl_porta, W
0101  00E2  	MOVWF CompTempVar2195
0102  3008  	MOVLW 0x08
0103  0462  	IORWF CompTempVar2195, W
0104  0085  	MOVWF gbl_porta
0105  2909  	GOTO	label23
0106        label22
0106  30F7  	MOVLW 0xF7
0107  0505  	ANDWF gbl_porta, W
0108  0085  	MOVWF gbl_porta
0109        label23
0109  2039  	CALL FCM_clk_pu_00052
010A  08C9  	MOVF gbl_FCV_SCAN2, F
010B  1003  	BCF STATUS,C
010C  0CC9  	RRF gbl_FCV_SCAN2, F
010D  0AD9  	INCF gbl_FCLV_LOOP2, F
010E  28E9  	GOTO	label21
010F        ; } FCM_Scan function end

	ORG 0x0000010F
010F        FCM_btn_sc_00057
010F        ; { FCM_btn_scan3 ; function begin
010F  30FF  	MOVLW 0xFF
0110  1283  	BCF STATUS, RP0
0111  1303  	BCF STATUS, RP1
0112  00CF  	MOVWF gbl_FCV_DISPLAY_SEVENSEG
0113  204E  	CALL FCM_SevenS_00051
0114  3010  	MOVLW 0x10
0115  00C8  	MOVWF gbl_FCV_SCAN1
0116  01C9  	CLRF gbl_FCV_SCAN2
0117  20BF  	CALL FCM_Scan_00000
0118  3001  	MOVLW 0x01
0119  1683  	BSF STATUS, RP0
011A  0405  	IORWF gbl_trisa, W
011B  0085  	MOVWF gbl_trisa
011C  3001  	MOVLW 0x01
011D  1283  	BCF STATUS, RP0
011E  0505  	ANDWF gbl_porta, W
011F  00E2  	MOVWF CompTempVar2221
0120  01E3  	CLRF CompTempVar2222
0121  0362  	DECF CompTempVar2221, W
0122  1903  	BTFSC STATUS,Z
0123  0AE3  	INCF CompTempVar2222, F
0124  12C5  	BCF gbl_FCV_SWITCH4,5
0125  0863  	MOVF CompTempVar2222, W
0126  1D03  	BTFSS STATUS,Z
0127  16C5  	BSF gbl_FCV_SWITCH4,5
0128  3002  	MOVLW 0x02
0129  1683  	BSF STATUS, RP0
012A  0405  	IORWF gbl_trisa, W
012B  0085  	MOVWF gbl_trisa
012C  3002  	MOVLW 0x02
012D  1283  	BCF STATUS, RP0
012E  0505  	ANDWF gbl_porta, W
012F  00E2  	MOVWF CompTempVar2223
0130  01E3  	CLRF CompTempVar2224
0131  3002  	MOVLW 0x02
0132  0262  	SUBWF CompTempVar2223, W
0133  1903  	BTFSC STATUS,Z
0134  0AE3  	INCF CompTempVar2224, F
0135  13C5  	BCF gbl_FCV_SWITCH5,7
0136  0863  	MOVF CompTempVar2224, W
0137  1D03  	BTFSS STATUS,Z
0138  17C5  	BSF gbl_FCV_SWITCH5,7
0139  01DF  	CLRF CompTempVar2218
013A  1854  	BTFSC gbl_FCV_TOG_HOME,0
013B  0ADF  	INCF CompTempVar2218, F
013C  01DE  	CLRF CompTempVar2217
013D  0346  	DECF gbl_FCV_TOG_SHOTCLOCK, W
013E  1903  	BTFSC STATUS,Z
013F  0ADE  	INCF CompTempVar2217, F
0140  085E  	MOVF CompTempVar2217, W
0141  045F  	IORWF CompTempVar2218, W
0142  1903  	BTFSC STATUS,Z
0143  2950  	GOTO	label24
0144  01E3  	CLRF CompTempVar2226
0145  1AC5  	BTFSC gbl_FCV_SWITCH4,5
0146  0AE3  	INCF CompTempVar2226, F
0147  01E2  	CLRF CompTempVar2225
0148  1BC5  	BTFSC gbl_FCV_SWITCH5,7
0149  0AE2  	INCF CompTempVar2225, F
014A  0862  	MOVF CompTempVar2225, W
014B  0563  	ANDWF CompTempVar2226, W
014C  1903  	BTFSC STATUS,Z
014D  2950  	GOTO	label24
014E  0347  	DECF gbl_FCV_COUNTER3, W
014F  00C7  	MOVWF gbl_FCV_COUNTER3
0150        label24
0150  01E1  	CLRF CompTempVar2220
0151  1EC5  	BTFSS gbl_FCV_SWITCH4,5
0152  0AE1  	INCF CompTempVar2220, F
0153  01E0  	CLRF CompTempVar2219
0154  1C54  	BTFSS gbl_FCV_TOG_HOME,0
0155  0AE0  	INCF CompTempVar2219, F
0156  0860  	MOVF CompTempVar2219, W
0157  0561  	ANDWF CompTempVar2220, W
0158  1903  	BTFSC STATUS,Z
0159  295D  	GOTO	label25
015A  14C5  	BSF gbl_FCV_BTN_HOME,1
015B  1454  	BSF gbl_FCV_TOG_HOME,0
015C  296A  	GOTO	label26
015D        label25
015D  10C5  	BCF gbl_FCV_BTN_HOME,1
015E  01E3  	CLRF CompTempVar2228
015F  0AE3  	INCF CompTempVar2228, F
0160  08C7  	MOVF gbl_FCV_COUNTER3, F
0161  1D03  	BTFSS STATUS,Z
0162  1063  	BCF CompTempVar2228,0
0163  01E2  	CLRF CompTempVar2227
0164  1854  	BTFSC gbl_FCV_TOG_HOME,0
0165  0AE2  	INCF CompTempVar2227, F
0166  0862  	MOVF CompTempVar2227, W
0167  0563  	ANDWF CompTempVar2228, W
0168  1D03  	BTFSS STATUS,Z
0169  1054  	BCF gbl_FCV_TOG_HOME,0
016A        label26
016A  1BC5  	BTFSC gbl_FCV_SWITCH5,7
016B  2970  	GOTO	label27
016C  15C5  	BSF gbl_FCV_BTN_SHOTCLOCK,3
016D  3001  	MOVLW 0x01
016E  00C6  	MOVWF gbl_FCV_TOG_SHOTCLOCK
016F  297E  	GOTO	label28
0170        label27
0170  11C5  	BCF gbl_FCV_BTN_SHOTCLOCK,3
0171  01E3  	CLRF CompTempVar2230
0172  0AE3  	INCF CompTempVar2230, F
0173  08C7  	MOVF gbl_FCV_COUNTER3, F
0174  1D03  	BTFSS STATUS,Z
0175  1063  	BCF CompTempVar2230,0
0176  01E2  	CLRF CompTempVar2229
0177  0346  	DECF gbl_FCV_TOG_SHOTCLOCK, W
0178  1903  	BTFSC STATUS,Z
0179  0AE2  	INCF CompTempVar2229, F
017A  0862  	MOVF CompTempVar2229, W
017B  0563  	ANDWF CompTempVar2230, W
017C  1D03  	BTFSS STATUS,Z
017D  01C6  	CLRF gbl_FCV_TOG_SHOTCLOCK
017E        label28
017E  08C7  	MOVF gbl_FCV_COUNTER3, F
017F  1D03  	BTFSS STATUS,Z
0180  0008  	RETURN
0181  3014  	MOVLW 0x14
0182  00C7  	MOVWF gbl_FCV_COUNTER3
0183  0008  	RETURN
0184        ; } FCM_btn_scan3 function end

	ORG 0x00000184
0184        FCM_btn_sc_00056
0184        ; { FCM_btn_scan2 ; function begin
0184  30FF  	MOVLW 0xFF
0185  1283  	BCF STATUS, RP0
0186  1303  	BCF STATUS, RP1
0187  00CF  	MOVWF gbl_FCV_DISPLAY_SEVENSEG
0188  204E  	CALL FCM_SevenS_00051
0189  3008  	MOVLW 0x08
018A  00C8  	MOVWF gbl_FCV_SCAN1
018B  01C9  	CLRF gbl_FCV_SCAN2
018C  20BF  	CALL FCM_Scan_00000
018D  3001  	MOVLW 0x01
018E  1683  	BSF STATUS, RP0
018F  0405  	IORWF gbl_trisa, W
0190  0085  	MOVWF gbl_trisa
0191  3001  	MOVLW 0x01
0192  1283  	BCF STATUS, RP0
0193  0505  	ANDWF gbl_porta, W
0194  00E0  	MOVWF CompTempVar2209
0195  01E1  	CLRF CompTempVar2210
0196  0360  	DECF CompTempVar2209, W
0197  1903  	BTFSC STATUS,Z
0198  0AE1  	INCF CompTempVar2210, F
0199  12C5  	BCF gbl_FCV_SWITCH4,5
019A  0861  	MOVF CompTempVar2210, W
019B  1D03  	BTFSS STATUS,Z
019C  16C5  	BSF gbl_FCV_SWITCH4,5
019D  3002  	MOVLW 0x02
019E  1683  	BSF STATUS, RP0
019F  0405  	IORWF gbl_trisa, W
01A0  0085  	MOVWF gbl_trisa
01A1  3002  	MOVLW 0x02
01A2  1283  	BCF STATUS, RP0
01A3  0505  	ANDWF gbl_porta, W
01A4  00E0  	MOVWF CompTempVar2211
01A5  01E1  	CLRF CompTempVar2212
01A6  3002  	MOVLW 0x02
01A7  0260  	SUBWF CompTempVar2211, W
01A8  1903  	BTFSC STATUS,Z
01A9  0AE1  	INCF CompTempVar2212, F
01AA  13C5  	BCF gbl_FCV_SWITCH5,7
01AB  0861  	MOVF CompTempVar2212, W
01AC  1D03  	BTFSS STATUS,Z
01AD  17C5  	BSF gbl_FCV_SWITCH5,7
01AE  0346  	DECF gbl_FCV_TOG_SHOTCLOCK, W
01AF  1D03  	BTFSS STATUS,Z
01B0  29BE  	GOTO	label30
01B1  01E1  	CLRF CompTempVar2214
01B2  1EC5  	BTFSS gbl_FCV_SWITCH4,5
01B3  29B5  	GOTO	label29
01B4  0AE1  	INCF CompTempVar2214, F
01B5        label29
01B5  01E0  	CLRF CompTempVar2213
01B6  1BC5  	BTFSC gbl_FCV_SWITCH5,7
01B7  0AE0  	INCF CompTempVar2213, F
01B8  0860  	MOVF CompTempVar2213, W
01B9  0561  	ANDWF CompTempVar2214, W
01BA  1903  	BTFSC STATUS,Z
01BB  29BE  	GOTO	label30
01BC  0344  	DECF gbl_FCV_COUNTER2, W
01BD  00C4  	MOVWF gbl_FCV_COUNTER2
01BE        label30
01BE  01DF  	CLRF CompTempVar2208
01BF  1EC5  	BTFSS gbl_FCV_SWITCH4,5
01C0  0ADF  	INCF CompTempVar2208, F
01C1  01DE  	CLRF CompTempVar2207
01C2  0ADE  	INCF CompTempVar2207, F
01C3  08C6  	MOVF gbl_FCV_TOG_SHOTCLOCK, F
01C4  1D03  	BTFSS STATUS,Z
01C5  105E  	BCF CompTempVar2207,0
01C6  085E  	MOVF CompTempVar2207, W
01C7  055F  	ANDWF CompTempVar2208, W
01C8  1903  	BTFSC STATUS,Z
01C9  29D7  	GOTO	label32
01CA  1745  	BSF gbl_FCV_BTN_STARTSTOP,6
01CB  3001  	MOVLW 0x01
01CC  00C6  	MOVWF gbl_FCV_TOG_SHOTCLOCK
01CD  08D6  	MOVF gbl_FCV_FLAG_STARTSTOP, F
01CE  1D03  	BTFSS STATUS,Z
01CF  29D3  	GOTO	label31
01D0  3001  	MOVLW 0x01
01D1  00D6  	MOVWF gbl_FCV_FLAG_STARTSTOP
01D2  29E5  	GOTO	label33
01D3        label31
01D3  0356  	DECF gbl_FCV_FLAG_STARTSTOP, W
01D4  1903  	BTFSC STATUS,Z
01D5  01D6  	CLRF gbl_FCV_FLAG_STARTSTOP
01D6  29E5  	GOTO	label33
01D7        label32
01D7  1345  	BCF gbl_FCV_BTN_STARTSTOP,6
01D8  01E1  	CLRF CompTempVar2216
01D9  0AE1  	INCF CompTempVar2216, F
01DA  08C4  	MOVF gbl_FCV_COUNTER2, F
01DB  1D03  	BTFSS STATUS,Z
01DC  1061  	BCF CompTempVar2216,0
01DD  01E0  	CLRF CompTempVar2215
01DE  0346  	DECF gbl_FCV_TOG_SHOTCLOCK, W
01DF  1903  	BTFSC STATUS,Z
01E0  0AE0  	INCF CompTempVar2215, F
01E1  0860  	MOVF CompTempVar2215, W
01E2  0561  	ANDWF CompTempVar2216, W
01E3  1D03  	BTFSS STATUS,Z
01E4  01C6  	CLRF gbl_FCV_TOG_SHOTCLOCK
01E5        label33
01E5  1BC5  	BTFSC gbl_FCV_SWITCH5,7
01E6  29E9  	GOTO	label34
01E7  1445  	BSF gbl_FCV_BTN_SHIFT,0
01E8  29EA  	GOTO	label35
01E9        label34
01E9  1045  	BCF gbl_FCV_BTN_SHIFT,0
01EA        label35
01EA  08C4  	MOVF gbl_FCV_COUNTER2, F
01EB  1D03  	BTFSS STATUS,Z
01EC  0008  	RETURN
01ED  3032  	MOVLW 0x32
01EE  00C4  	MOVWF gbl_FCV_COUNTER2
01EF  0008  	RETURN
01F0        ; } FCM_btn_scan2 function end

	ORG 0x000001F0
01F0        FCM_btn_sc_00055
01F0        ; { FCM_btn_scan1 ; function begin
01F0  30FF  	MOVLW 0xFF
01F1  1283  	BCF STATUS, RP0
01F2  1303  	BCF STATUS, RP1
01F3  00CF  	MOVWF gbl_FCV_DISPLAY_SEVENSEG
01F4  204E  	CALL FCM_SevenS_00051
01F5  3004  	MOVLW 0x04
01F6  00C8  	MOVWF gbl_FCV_SCAN1
01F7  01C9  	CLRF gbl_FCV_SCAN2
01F8  20BF  	CALL FCM_Scan_00000
01F9  3001  	MOVLW 0x01
01FA  1683  	BSF STATUS, RP0
01FB  0405  	IORWF gbl_trisa, W
01FC  0085  	MOVWF gbl_trisa
01FD  3001  	MOVLW 0x01
01FE  1283  	BCF STATUS, RP0
01FF  0505  	ANDWF gbl_porta, W
0200  00E0  	MOVWF CompTempVar2199
0201  01E1  	CLRF CompTempVar2200
0202  0360  	DECF CompTempVar2199, W
0203  1903  	BTFSC STATUS,Z
0204  0AE1  	INCF CompTempVar2200, F
0205  12C5  	BCF gbl_FCV_SWITCH4,5
0206  0861  	MOVF CompTempVar2200, W
0207  1D03  	BTFSS STATUS,Z
0208  16C5  	BSF gbl_FCV_SWITCH4,5
0209  3002  	MOVLW 0x02
020A  1683  	BSF STATUS, RP0
020B  0405  	IORWF gbl_trisa, W
020C  0085  	MOVWF gbl_trisa
020D  3002  	MOVLW 0x02
020E  1283  	BCF STATUS, RP0
020F  0505  	ANDWF gbl_porta, W
0210  00E0  	MOVWF CompTempVar2201
0211  01E1  	CLRF CompTempVar2202
0212  3002  	MOVLW 0x02
0213  0260  	SUBWF CompTempVar2201, W
0214  1903  	BTFSC STATUS,Z
0215  0AE1  	INCF CompTempVar2202, F
0216  13C5  	BCF gbl_FCV_SWITCH5,7
0217  0861  	MOVF CompTempVar2202, W
0218  1D03  	BTFSS STATUS,Z
0219  17C5  	BSF gbl_FCV_SWITCH5,7
021A  1CD4  	BTFSS gbl_FCV_TOG_GUEST,1
021B  2A29  	GOTO	label37
021C  01E1  	CLRF CompTempVar2204
021D  1EC5  	BTFSS gbl_FCV_SWITCH4,5
021E  2A20  	GOTO	label36
021F  0AE1  	INCF CompTempVar2204, F
0220        label36
0220  01E0  	CLRF CompTempVar2203
0221  1BC5  	BTFSC gbl_FCV_SWITCH5,7
0222  0AE0  	INCF CompTempVar2203, F
0223  0860  	MOVF CompTempVar2203, W
0224  0561  	ANDWF CompTempVar2204, W
0225  1903  	BTFSC STATUS,Z
0226  2A29  	GOTO	label37
0227  034C  	DECF gbl_FCV_COUNTER, W
0228  00CC  	MOVWF gbl_FCV_COUNTER
0229        label37
0229  01DF  	CLRF CompTempVar2198
022A  1EC5  	BTFSS gbl_FCV_SWITCH4,5
022B  0ADF  	INCF CompTempVar2198, F
022C  01DE  	CLRF CompTempVar2197
022D  1CD4  	BTFSS gbl_FCV_TOG_GUEST,1
022E  0ADE  	INCF CompTempVar2197, F
022F  085E  	MOVF CompTempVar2197, W
0230  055F  	ANDWF CompTempVar2198, W
0231  1903  	BTFSC STATUS,Z
0232  2A37  	GOTO	label38
0233  3001  	MOVLW 0x01
0234  00D3  	MOVWF gbl_FCV_BTN_GUEST
0235  14D4  	BSF gbl_FCV_TOG_GUEST,1
0236  2A44  	GOTO	label39
0237        label38
0237  01D3  	CLRF gbl_FCV_BTN_GUEST
0238  01E1  	CLRF CompTempVar2206
0239  0AE1  	INCF CompTempVar2206, F
023A  08CC  	MOVF gbl_FCV_COUNTER, F
023B  1D03  	BTFSS STATUS,Z
023C  1061  	BCF CompTempVar2206,0
023D  01E0  	CLRF CompTempVar2205
023E  18D4  	BTFSC gbl_FCV_TOG_GUEST,1
023F  0AE0  	INCF CompTempVar2205, F
0240  0860  	MOVF CompTempVar2205, W
0241  0561  	ANDWF CompTempVar2206, W
0242  1D03  	BTFSS STATUS,Z
0243  10D4  	BCF gbl_FCV_TOG_GUEST,1
0244        label39
0244  1BC5  	BTFSC gbl_FCV_SWITCH5,7
0245  2A48  	GOTO	label40
0246  1554  	BSF gbl_FCV_BTN_BUZZER,2
0247  2A49  	GOTO	label41
0248        label40
0248  1154  	BCF gbl_FCV_BTN_BUZZER,2
0249        label41
0249  08CC  	MOVF gbl_FCV_COUNTER, F
024A  1D03  	BTFSS STATUS,Z
024B  0008  	RETURN
024C  3014  	MOVLW 0x14
024D  00CC  	MOVWF gbl_FCV_COUNTER
024E  0008  	RETURN
024F        ; } FCM_btn_scan1 function end

	ORG 0x0000024F
024F        __rem_8_8_00000
024F        ; { __rem_8_8 ; function begin
024F  01E4  	CLRF CompTempVarRet220
0250  01E2  	CLRF __rem_8_8_00000_1_c
0251  01E3  	CLRF __rem_8_8_00000_1_i
0252        label42
0252  19E3  	BTFSC __rem_8_8_00000_1_i,3
0253  0008  	RETURN
0254  1003  	BCF STATUS,C
0255  0DE2  	RLF __rem_8_8_00000_1_c, F
0256  0DE0  	RLF __rem_8_8_00000_arg_a, F
0257  0DE4  	RLF CompTempVarRet220, F
0258  0861  	MOVF __rem_8_8_00000_arg_b, W
0259  0264  	SUBWF CompTempVarRet220, W
025A  1C03  	BTFSS STATUS,C
025B  2A5E  	GOTO	label43
025C  00E4  	MOVWF CompTempVarRet220
025D  1462  	BSF __rem_8_8_00000_1_c,0
025E        label43
025E  0AE3  	INCF __rem_8_8_00000_1_i, F
025F  2A52  	GOTO	label42
0260        ; } __rem_8_8 function end

	ORG 0x00000260
0260        __div_8_8_00000
0260        ; { __div_8_8 ; function begin
0260  01E2  	CLRF __div_8_8_00000_1_r
0261  01E4  	CLRF CompTempVarRet218
0262  01E3  	CLRF __div_8_8_00000_1_i
0263        label44
0263  19E3  	BTFSC __div_8_8_00000_1_i,3
0264  0008  	RETURN
0265  1003  	BCF STATUS,C
0266  0DE4  	RLF CompTempVarRet218, F
0267  0DDE  	RLF __div_8_8_00000_arg_a, F
0268  0DE2  	RLF __div_8_8_00000_1_r, F
0269  085F  	MOVF __div_8_8_00000_arg_b, W
026A  0262  	SUBWF __div_8_8_00000_1_r, W
026B  1C03  	BTFSS STATUS,C
026C  2A6F  	GOTO	label45
026D  00E2  	MOVWF __div_8_8_00000_1_r
026E  1464  	BSF CompTempVarRet218,0
026F        label45
026F  0AE3  	INCF __div_8_8_00000_1_i, F
0270  2A63  	GOTO	label44
0271        ; } __div_8_8 function end

	ORG 0x00000271
0271        FCM_variab_00058
0271        ; { FCM_variable_conditions ; function begin
0271  1283  	BCF STATUS, RP0
0272  1303  	BCF STATUS, RP1
0273  01DF  	CLRF CompTempVar2232
0274  0851  	MOVF gbl_FCV_HOMESCORE, W
0275  3CC7  	SUBLW 0xC7
0276  1C03  	BTFSS STATUS,C
0277  0ADF  	INCF CompTempVar2232, F
0278  01DE  	CLRF CompTempVar2231
0279  30FF  	MOVLW 0xFF
027A  0251  	SUBWF gbl_FCV_HOMESCORE, W
027B  1C03  	BTFSS STATUS,C
027C  0ADE  	INCF CompTempVar2231, F
027D  085E  	MOVF CompTempVar2231, W
027E  055F  	ANDWF CompTempVar2232, W
027F  1903  	BTFSC STATUS,Z
0280  2A83  	GOTO	label46
0281  30C7  	MOVLW 0xC7
0282  00D1  	MOVWF gbl_FCV_HOMESCORE
0283        label46
0283  0A51  	INCF gbl_FCV_HOMESCORE, W
0284  1903  	BTFSC STATUS,Z
0285  01D1  	CLRF gbl_FCV_HOMESCORE
0286  01E1  	CLRF CompTempVar2234
0287  0850  	MOVF gbl_FCV_GUESTSCORE, W
0288  3CC7  	SUBLW 0xC7
0289  1C03  	BTFSS STATUS,C
028A  0AE1  	INCF CompTempVar2234, F
028B  01E0  	CLRF CompTempVar2233
028C  30FF  	MOVLW 0xFF
028D  0250  	SUBWF gbl_FCV_GUESTSCORE, W
028E  1C03  	BTFSS STATUS,C
028F  0AE0  	INCF CompTempVar2233, F
0290  0860  	MOVF CompTempVar2233, W
0291  0561  	ANDWF CompTempVar2234, W
0292  1903  	BTFSC STATUS,Z
0293  2A96  	GOTO	label47
0294  30C7  	MOVLW 0xC7
0295  00D0  	MOVWF gbl_FCV_GUESTSCORE
0296        label47
0296  0A50  	INCF gbl_FCV_GUESTSCORE, W
0297  1903  	BTFSC STATUS,Z
0298  01D0  	CLRF gbl_FCV_GUESTSCORE
0299  0008  	RETURN
029A        ; } FCM_variable_conditions function end

	ORG 0x0000029A
029A        FCM_btn_co_00059
029A        ; { FCM_btn_conditions ; function begin
029A  1283  	BCF STATUS, RP0
029B  1303  	BCF STATUS, RP1
029C  1D54  	BTFSS gbl_FCV_BTN_BUZZER,2
029D  2AAA  	GOTO	label48
029E  307F  	MOVLW 0x7F
029F  1683  	BSF STATUS, RP0
02A0  0506  	ANDWF gbl_trisb, W
02A1  0086  	MOVWF gbl_trisb
02A2  307F  	MOVLW 0x7F
02A3  1283  	BCF STATUS, RP0
02A4  0506  	ANDWF gbl_portb, W
02A5  00DE  	MOVWF CompTempVar2235
02A6  3080  	MOVLW 0x80
02A7  045E  	IORWF CompTempVar2235, W
02A8  0086  	MOVWF gbl_portb
02A9  2AB2  	GOTO	label49
02AA        label48
02AA  307F  	MOVLW 0x7F
02AB  1683  	BSF STATUS, RP0
02AC  0506  	ANDWF gbl_trisb, W
02AD  0086  	MOVWF gbl_trisb
02AE  307F  	MOVLW 0x7F
02AF  1283  	BCF STATUS, RP0
02B0  0506  	ANDWF gbl_portb, W
02B1  0086  	MOVWF gbl_portb
02B2        label49
02B2  1DC5  	BTFSS gbl_FCV_BTN_SHOTCLOCK,3
02B3  2ABB  	GOTO	label51
02B4  1C45  	BTFSS gbl_FCV_BTN_SHIFT,0
02B5  2AB9  	GOTO	label50
02B6  300E  	MOVLW 0x0E
02B7  00D5  	MOVWF gbl_FCV_SHOTCLOCK
02B8  2ABB  	GOTO	label51
02B9        label50
02B9  3018  	MOVLW 0x18
02BA  00D5  	MOVWF gbl_FCV_SHOTCLOCK
02BB        label51
02BB  1CC5  	BTFSS gbl_FCV_BTN_HOME,1
02BC  2AC7  	GOTO	label53
02BD  1C45  	BTFSS gbl_FCV_BTN_SHIFT,0
02BE  2AC5  	GOTO	label52
02BF  08D1  	MOVF gbl_FCV_HOMESCORE, F
02C0  1903  	BTFSC STATUS,Z
02C1  2AC7  	GOTO	label53
02C2  0351  	DECF gbl_FCV_HOMESCORE, W
02C3  00D1  	MOVWF gbl_FCV_HOMESCORE
02C4  2AC7  	GOTO	label53
02C5        label52
02C5  0A51  	INCF gbl_FCV_HOMESCORE, W
02C6  00D1  	MOVWF gbl_FCV_HOMESCORE
02C7        label53
02C7  0353  	DECF gbl_FCV_BTN_GUEST, W
02C8  1D03  	BTFSS STATUS,Z
02C9  0008  	RETURN
02CA  1C45  	BTFSS gbl_FCV_BTN_SHIFT,0
02CB  2AD2  	GOTO	label54
02CC  08D0  	MOVF gbl_FCV_GUESTSCORE, F
02CD  1903  	BTFSC STATUS,Z
02CE  0008  	RETURN
02CF  0350  	DECF gbl_FCV_GUESTSCORE, W
02D0  00D0  	MOVWF gbl_FCV_GUESTSCORE
02D1  0008  	RETURN
02D2        label54
02D2  0A50  	INCF gbl_FCV_GUESTSCORE, W
02D3  00D0  	MOVWF gbl_FCV_GUESTSCORE
02D4  0008  	RETURN
02D5        ; } FCM_btn_conditions function end

	ORG 0x000002D5
02D5        FCM_Displa_00053
02D5        ; { FCM_Display_SevenSegment ; function begin
02D5  30FF  	MOVLW 0xFF
02D6  1283  	BCF STATUS, RP0
02D7  1303  	BCF STATUS, RP1
02D8  00CF  	MOVWF gbl_FCV_DISPLAY_SEVENSEG
02D9  204E  	CALL FCM_SevenS_00051
02DA  20BF  	CALL FCM_Scan_00000
02DB  0857  	MOVF gbl_FCV_TODISPLAY_SS, W
02DC  00CF  	MOVWF gbl_FCV_DISPLAY_SEVENSEG
02DD  204E  	CALL FCM_SevenS_00051
02DE  30C8  	MOVLW 0xC8
02DF  00DE  	MOVWF delay_us_00000_arg_del
02E0  2010  	CALL delay_us_00000
02E1  0008  	RETURN
02E2        ; } FCM_Display_SevenSegment function end

	ORG 0x000002E2
02E2        FCM_Button_00054
02E2        ; { FCM_Buttons ; function begin
02E2  21F0  	CALL FCM_btn_sc_00055
02E3  2184  	CALL FCM_btn_sc_00056
02E4  210F  	CALL FCM_btn_sc_00057
02E5  0008  	RETURN
02E6        ; } FCM_Buttons function end

	ORG 0x000002E6
02E6        main
02E6        ; { main ; function begin
02E6  3007  	MOVLW 0x07
02E7  1283  	BCF STATUS, RP0
02E8  1303  	BCF STATUS, RP1
02E9  009F  	MOVWF gbl_cmcon
02EA  30C0  	MOVLW 0xC0
02EB  1683  	BSF STATUS, RP0
02EC  0081  	MOVWF gbl_option_reg
02ED  30FF  	MOVLW 0xFF
02EE  1283  	BCF STATUS, RP0
02EF  00C8  	MOVWF gbl_FCV_SCAN1
02F0  00C9  	MOVWF gbl_FCV_SCAN2
02F1  3018  	MOVLW 0x18
02F2  00D5  	MOVWF gbl_FCV_SHOTCLOCK
02F3  01D1  	CLRF gbl_FCV_HOMESCORE
02F4  01D0  	CLRF gbl_FCV_GUESTSCORE
02F5  3001  	MOVLW 0x01
02F6  00CA  	MOVWF gbl_FCV_PERIOD
02F7  300A  	MOVLW 0x0A
02F8  00CE  	MOVWF gbl_FCV_GTIME_MIN
02F9  01CD  	CLRF gbl_FCV_GTIME_SEC
02FA  01D6  	CLRF gbl_FCV_FLAG_STARTSTOP
02FB  3014  	MOVLW 0x14
02FC  00CC  	MOVWF gbl_FCV_COUNTER
02FD  3032  	MOVLW 0x32
02FE  00C4  	MOVWF gbl_FCV_COUNTER2
02FF  3014  	MOVLW 0x14
0300  00C7  	MOVWF gbl_FCV_COUNTER3
0301  170B  	BSF gbl_intcon,6
0302  1012  	BCF gbl_t2con,0
0303  1492  	BSF gbl_t2con,1
0304  1512  	BSF gbl_t2con,2
0305  3007  	MOVLW 0x07
0306  0512  	ANDWF gbl_t2con, W
0307  00DA  	MOVWF CompTempVar2238
0308  3078  	MOVLW 0x78
0309  045A  	IORWF CompTempVar2238, W
030A  0092  	MOVWF gbl_t2con
030B  300F  	MOVLW 0x0F
030C  1683  	BSF STATUS, RP0
030D  0092  	MOVWF gbl_pr2
030E  178B  	BSF gbl_intcon,7
030F  148C  	BSF gbl_pie1,1
0310  1283  	BCF STATUS, RP0
0311  01B9  	CLRF gbl_FCV_TIME_CNT
0312  01BA  	CLRF gbl_FCV_TIME_CNT+D'1'
0313  307F  	MOVLW 0x7F
0314  1683  	BSF STATUS, RP0
0315  0506  	ANDWF gbl_trisb, W
0316  0086  	MOVWF gbl_trisb
0317  307F  	MOVLW 0x7F
0318  1283  	BCF STATUS, RP0
0319  0506  	ANDWF gbl_portb, W
031A  0086  	MOVWF gbl_portb
031B        label55
031B  2271  	CALL FCM_variab_00058
031C  22E2  	CALL FCM_Button_00054
031D  01C8  	CLRF gbl_FCV_SCAN1
031E  3008  	MOVLW 0x08
031F  00C9  	MOVWF gbl_FCV_SCAN2
0320  0851  	MOVF gbl_FCV_HOMESCORE, W
0321  00DE  	MOVWF __div_8_8_00000_arg_a
0322  3064  	MOVLW 0x64
0323  00DF  	MOVWF __div_8_8_00000_arg_b
0324  2260  	CALL __div_8_8_00000
0325  0864  	MOVF CompTempVarRet218, W
0326  00D7  	MOVWF gbl_FCV_TODISPLAY_SS
0327  08D7  	MOVF gbl_FCV_TODISPLAY_SS, F
0328  1D03  	BTFSS STATUS,Z
0329  2B2C  	GOTO	label56
032A  30FF  	MOVLW 0xFF
032B  00D7  	MOVWF gbl_FCV_TODISPLAY_SS
032C        label56
032C  22D5  	CALL FCM_Displa_00053
032D  01C8  	CLRF gbl_FCV_SCAN1
032E  3004  	MOVLW 0x04
032F  00C9  	MOVWF gbl_FCV_SCAN2
0330  0851  	MOVF gbl_FCV_HOMESCORE, W
0331  00DE  	MOVWF __div_8_8_00000_arg_a
0332  300A  	MOVLW 0x0A
0333  00DF  	MOVWF __div_8_8_00000_arg_b
0334  2260  	CALL __div_8_8_00000
0335  0864  	MOVF CompTempVarRet218, W
0336  00E0  	MOVWF __rem_8_8_00000_arg_a
0337  300A  	MOVLW 0x0A
0338  00E1  	MOVWF __rem_8_8_00000_arg_b
0339  224F  	CALL __rem_8_8_00000
033A  0864  	MOVF CompTempVarRet220, W
033B  00D7  	MOVWF gbl_FCV_TODISPLAY_SS
033C  01DB  	CLRF CompTempVar2240
033D  0ADB  	INCF CompTempVar2240, F
033E  08D7  	MOVF gbl_FCV_TODISPLAY_SS, F
033F  1D03  	BTFSS STATUS,Z
0340  105B  	BCF CompTempVar2240,0
0341  01DA  	CLRF CompTempVar2239
0342  3064  	MOVLW 0x64
0343  0251  	SUBWF gbl_FCV_HOMESCORE, W
0344  1C03  	BTFSS STATUS,C
0345  0ADA  	INCF CompTempVar2239, F
0346  085A  	MOVF CompTempVar2239, W
0347  055B  	ANDWF CompTempVar2240, W
0348  1903  	BTFSC STATUS,Z
0349  2B4C  	GOTO	label57
034A  30FF  	MOVLW 0xFF
034B  00D7  	MOVWF gbl_FCV_TODISPLAY_SS
034C        label57
034C  22D5  	CALL FCM_Displa_00053
034D  01C8  	CLRF gbl_FCV_SCAN1
034E  3002  	MOVLW 0x02
034F  00C9  	MOVWF gbl_FCV_SCAN2
0350  0851  	MOVF gbl_FCV_HOMESCORE, W
0351  00E0  	MOVWF __rem_8_8_00000_arg_a
0352  300A  	MOVLW 0x0A
0353  00E1  	MOVWF __rem_8_8_00000_arg_b
0354  224F  	CALL __rem_8_8_00000
0355  0864  	MOVF CompTempVarRet220, W
0356  00D7  	MOVWF gbl_FCV_TODISPLAY_SS
0357  22D5  	CALL FCM_Displa_00053
0358  01C8  	CLRF gbl_FCV_SCAN1
0359  3001  	MOVLW 0x01
035A  00C9  	MOVWF gbl_FCV_SCAN2
035B  0850  	MOVF gbl_FCV_GUESTSCORE, W
035C  00DE  	MOVWF __div_8_8_00000_arg_a
035D  3064  	MOVLW 0x64
035E  00DF  	MOVWF __div_8_8_00000_arg_b
035F  2260  	CALL __div_8_8_00000
0360  0864  	MOVF CompTempVarRet218, W
0361  00D7  	MOVWF gbl_FCV_TODISPLAY_SS
0362  01DD  	CLRF CompTempVar2242
0363  0ADD  	INCF CompTempVar2242, F
0364  08D7  	MOVF gbl_FCV_TODISPLAY_SS, F
0365  1D03  	BTFSS STATUS,Z
0366  105D  	BCF CompTempVar2242,0
0367  01DC  	CLRF CompTempVar2241
0368  3064  	MOVLW 0x64
0369  0250  	SUBWF gbl_FCV_GUESTSCORE, W
036A  1C03  	BTFSS STATUS,C
036B  0ADC  	INCF CompTempVar2241, F
036C  085C  	MOVF CompTempVar2241, W
036D  055D  	ANDWF CompTempVar2242, W
036E  1903  	BTFSC STATUS,Z
036F  2B72  	GOTO	label58
0370  30FF  	MOVLW 0xFF
0371  00D7  	MOVWF gbl_FCV_TODISPLAY_SS
0372        label58
0372  22D5  	CALL FCM_Displa_00053
0373  3080  	MOVLW 0x80
0374  00C8  	MOVWF gbl_FCV_SCAN1
0375  01C9  	CLRF gbl_FCV_SCAN2
0376  0850  	MOVF gbl_FCV_GUESTSCORE, W
0377  00DE  	MOVWF __div_8_8_00000_arg_a
0378  300A  	MOVLW 0x0A
0379  00DF  	MOVWF __div_8_8_00000_arg_b
037A  2260  	CALL __div_8_8_00000
037B  0864  	MOVF CompTempVarRet218, W
037C  00E0  	MOVWF __rem_8_8_00000_arg_a
037D  300A  	MOVLW 0x0A
037E  00E1  	MOVWF __rem_8_8_00000_arg_b
037F  224F  	CALL __rem_8_8_00000
0380  0864  	MOVF CompTempVarRet220, W
0381  00D7  	MOVWF gbl_FCV_TODISPLAY_SS
0382  08D7  	MOVF gbl_FCV_TODISPLAY_SS, F
0383  1D03  	BTFSS STATUS,Z
0384  2B87  	GOTO	label59
0385  30FF  	MOVLW 0xFF
0386  00D7  	MOVWF gbl_FCV_TODISPLAY_SS
0387        label59
0387  22D5  	CALL FCM_Displa_00053
0388  3040  	MOVLW 0x40
0389  00C8  	MOVWF gbl_FCV_SCAN1
038A  01C9  	CLRF gbl_FCV_SCAN2
038B  0850  	MOVF gbl_FCV_GUESTSCORE, W
038C  00E0  	MOVWF __rem_8_8_00000_arg_a
038D  300A  	MOVLW 0x0A
038E  00E1  	MOVWF __rem_8_8_00000_arg_b
038F  224F  	CALL __rem_8_8_00000
0390  0864  	MOVF CompTempVarRet220, W
0391  00D7  	MOVWF gbl_FCV_TODISPLAY_SS
0392  22D5  	CALL FCM_Displa_00053
0393  3010  	MOVLW 0x10
0394  00C8  	MOVWF gbl_FCV_SCAN1
0395  01C9  	CLRF gbl_FCV_SCAN2
0396  0855  	MOVF gbl_FCV_SHOTCLOCK, W
0397  00DE  	MOVWF __div_8_8_00000_arg_a
0398  300A  	MOVLW 0x0A
0399  00DF  	MOVWF __div_8_8_00000_arg_b
039A  2260  	CALL __div_8_8_00000
039B  0864  	MOVF CompTempVarRet218, W
039C  00D7  	MOVWF gbl_FCV_TODISPLAY_SS
039D  08D7  	MOVF gbl_FCV_TODISPLAY_SS, F
039E  1D03  	BTFSS STATUS,Z
039F  2BA2  	GOTO	label60
03A0  30FF  	MOVLW 0xFF
03A1  00D7  	MOVWF gbl_FCV_TODISPLAY_SS
03A2        label60
03A2  22D5  	CALL FCM_Displa_00053
03A3  3008  	MOVLW 0x08
03A4  00C8  	MOVWF gbl_FCV_SCAN1
03A5  01C9  	CLRF gbl_FCV_SCAN2
03A6  0855  	MOVF gbl_FCV_SHOTCLOCK, W
03A7  00E0  	MOVWF __rem_8_8_00000_arg_a
03A8  300A  	MOVLW 0x0A
03A9  00E1  	MOVWF __rem_8_8_00000_arg_b
03AA  224F  	CALL __rem_8_8_00000
03AB  0864  	MOVF CompTempVarRet220, W
03AC  00D7  	MOVWF gbl_FCV_TODISPLAY_SS
03AD  22D5  	CALL FCM_Displa_00053
03AE  3004  	MOVLW 0x04
03AF  00C8  	MOVWF gbl_FCV_SCAN1
03B0  01C9  	CLRF gbl_FCV_SCAN2
03B1  084A  	MOVF gbl_FCV_PERIOD, W
03B2  00D7  	MOVWF gbl_FCV_TODISPLAY_SS
03B3  22D5  	CALL FCM_Displa_00053
03B4  01C8  	CLRF gbl_FCV_SCAN1
03B5  3080  	MOVLW 0x80
03B6  00C9  	MOVWF gbl_FCV_SCAN2
03B7  084E  	MOVF gbl_FCV_GTIME_MIN, W
03B8  00DE  	MOVWF __div_8_8_00000_arg_a
03B9  300A  	MOVLW 0x0A
03BA  00DF  	MOVWF __div_8_8_00000_arg_b
03BB  2260  	CALL __div_8_8_00000
03BC  0864  	MOVF CompTempVarRet218, W
03BD  00D7  	MOVWF gbl_FCV_TODISPLAY_SS
03BE  08D7  	MOVF gbl_FCV_TODISPLAY_SS, F
03BF  1D03  	BTFSS STATUS,Z
03C0  2BC3  	GOTO	label61
03C1  30FF  	MOVLW 0xFF
03C2  00D7  	MOVWF gbl_FCV_TODISPLAY_SS
03C3        label61
03C3  22D5  	CALL FCM_Displa_00053
03C4  01C8  	CLRF gbl_FCV_SCAN1
03C5  3040  	MOVLW 0x40
03C6  00C9  	MOVWF gbl_FCV_SCAN2
03C7  084E  	MOVF gbl_FCV_GTIME_MIN, W
03C8  00E0  	MOVWF __rem_8_8_00000_arg_a
03C9  300A  	MOVLW 0x0A
03CA  00E1  	MOVWF __rem_8_8_00000_arg_b
03CB  224F  	CALL __rem_8_8_00000
03CC  0864  	MOVF CompTempVarRet220, W
03CD  00D7  	MOVWF gbl_FCV_TODISPLAY_SS
03CE  22D5  	CALL FCM_Displa_00053
03CF  01C8  	CLRF gbl_FCV_SCAN1
03D0  3020  	MOVLW 0x20
03D1  00C9  	MOVWF gbl_FCV_SCAN2
03D2  084D  	MOVF gbl_FCV_GTIME_SEC, W
03D3  00DE  	MOVWF __div_8_8_00000_arg_a
03D4  300A  	MOVLW 0x0A
03D5  00DF  	MOVWF __div_8_8_00000_arg_b
03D6  2260  	CALL __div_8_8_00000
03D7  0864  	MOVF CompTempVarRet218, W
03D8  00D7  	MOVWF gbl_FCV_TODISPLAY_SS
03D9  22D5  	CALL FCM_Displa_00053
03DA  01C8  	CLRF gbl_FCV_SCAN1
03DB  3010  	MOVLW 0x10
03DC  00C9  	MOVWF gbl_FCV_SCAN2
03DD  084D  	MOVF gbl_FCV_GTIME_SEC, W
03DE  00E0  	MOVWF __rem_8_8_00000_arg_a
03DF  300A  	MOVLW 0x0A
03E0  00E1  	MOVWF __rem_8_8_00000_arg_b
03E1  224F  	CALL __rem_8_8_00000
03E2  0864  	MOVF CompTempVarRet220, W
03E3  00D7  	MOVWF gbl_FCV_TODISPLAY_SS
03E4  22D5  	CALL FCM_Displa_00053
03E5  229A  	CALL FCM_btn_co_00059
03E6  2B1B  	GOTO	label55
03E7        ; } main function end

	ORG 0x000003E7
03E7        _startup
03E7  30D5  	MOVLW 0xD5
03E8  1283  	BCF STATUS, RP0
03E9  1303  	BCF STATUS, RP1
03EA  00A0  	MOVWF gbl_14_LSR
03EB  30C4  	MOVLW 0xC4
03EC  00A1  	MOVWF gbl_14_LSR+D'1'
03ED  30BB  	MOVLW 0xBB
03EE  00A2  	MOVWF gbl_14_LSR+D'2'
03EF  30DC  	MOVLW 0xDC
03F0  00A3  	MOVWF gbl_14_LSR+D'3'
03F1  01A4  	CLRF gbl_15_gbl_aSig
03F2  01A5  	CLRF gbl_15_gbl_aSig+D'1'
03F3  01A6  	CLRF gbl_15_gbl_aSig+D'2'
03F4  01A7  	CLRF gbl_15_gbl_aSig+D'3'
03F5  01A8  	CLRF gbl_15_gbl_bSig
03F6  01A9  	CLRF gbl_15_gbl_bSig+D'1'
03F7  01AA  	CLRF gbl_15_gbl_bSig+D'2'
03F8  01AB  	CLRF gbl_15_gbl_bSig+D'3'
03F9  01AC  	CLRF gbl_15_gbl_zSig
03FA  01AD  	CLRF gbl_15_gbl_zSig+D'1'
03FB  01AE  	CLRF gbl_15_gbl_zSig+D'2'
03FC  01AF  	CLRF gbl_15_gbl_zSig+D'3'
03FD  01BE  	CLRF gbl_15_gbl_aExp
03FE  01BF  	CLRF gbl_15_gbl_bExp
03FF  01B7  	CLRF gbl_15_gbl_zExp
0400  01B8  	CLRF gbl_15_gbl_zExp+D'1'
0401  01C0  	CLRF gbl_15_gbl_aSign
0402  01C1  	CLRF gbl_15_gbl_bSign
0403  01C2  	CLRF gbl_15_gbl_zSign
0404  01C3  	CLRF gbl_15_gbl_zSigZero
0405  01B0  	CLRF gbl_15_gbl_ret
0406  01B1  	CLRF gbl_15_gbl_ret+D'1'
0407  01B2  	CLRF gbl_15_gbl_ret+D'2'
0408  01B3  	CLRF gbl_15_gbl_ret+D'3'
0409  01BC  	CLRF gbl_float_rounding_mode
040A  01BD  	CLRF gbl_float_exception_flags
040B  01BB  	CLRF gbl_float_detect_tininess
040C  3032  	MOVLW 0x32
040D  00C4  	MOVWF gbl_FCV_COUNTER2
040E  1045  	BCF gbl_FCV_BTN_SHIFT,0
040F  10C5  	BCF gbl_FCV_BTN_HOME,1
0410  01C6  	CLRF gbl_FCV_TOG_SHOTCLOCK
0411  3032  	MOVLW 0x32
0412  00C7  	MOVWF gbl_FCV_COUNTER3
0413  30FF  	MOVLW 0xFF
0414  00C8  	MOVWF gbl_FCV_SCAN1
0415  30FF  	MOVLW 0xFF
0416  00C9  	MOVWF gbl_FCV_SCAN2
0417  1545  	BSF gbl_FCV_DAT,2
0418  11C5  	BCF gbl_FCV_BTN_SHOTCLOCK,3
0419  3001  	MOVLW 0x01
041A  00CA  	MOVWF gbl_FCV_PERIOD
041B  01CB  	CLRF gbl_FCV_GSCORE_TENS
041C  01B9  	CLRF gbl_FCV_TIME_CNT
041D  01BA  	CLRF gbl_FCV_TIME_CNT+D'1'
041E  01CF  	CLRF gbl_FCV_DISPLAY_SEVENSEG
041F  1245  	BCF gbl_FCV_BTN_TOGGLE,4
0420  16C5  	BSF gbl_FCV_SWITCH4,5
0421  1345  	BCF gbl_FCV_BTN_STARTSTOP,6
0422  17C5  	BSF gbl_FCV_SWITCH5,7
0423  01D1  	CLRF gbl_FCV_HOMESCORE
0424  3001  	MOVLW 0x01
0425  00D2  	MOVWF gbl_FCV_SWITCH6
0426  01D3  	CLRF gbl_FCV_BTN_GUEST
0427  1054  	BCF gbl_FCV_TOG_HOME,0
0428  10D4  	BCF gbl_FCV_TOG_GUEST,1
0429  01D6  	CLRF gbl_FCV_FLAG_STARTSTOP
042A  01D7  	CLRF gbl_FCV_TODISPLAY_SS
042B  1154  	BCF gbl_FCV_BTN_BUZZER,2
042C  118A  	BCF PCLATH,3
042D  120A  	BCF PCLATH,4
042E  2AE6  	GOTO	main
	ORG 0x0000042F
042F        interrupt
042F        ; { interrupt ; function begin
042F  1283  	BCF STATUS, RP0
0430  1303  	BCF STATUS, RP1
0431  1C8C  	BTFSS gbl_pir1,1
0432  2C38  	GOTO	label63
0433  1683  	BSF STATUS, RP0
0434  1C8C  	BTFSS gbl_pie1,1
0435  2C38  	GOTO	label63
0436  2015  	CALL FCM_TIMEKE_0005A
0437  108C  	BCF gbl_pir1,1
0438        label63
0438  1283  	BCF STATUS, RP0
0439  0E36  	SWAPF Int1BContext+D'2', W
043A  0084  	MOVWF FSR
043B  0E35  	SWAPF Int1BContext+D'1', W
043C  008A  	MOVWF PCLATH
043D  0E34  	SWAPF Int1BContext, W
043E  0083  	MOVWF STATUS
043F  0EFF  	SWAPF Int1Context, F
0440  0E7F  	SWAPF Int1Context, W
0441  0009  	RETFIE
0442        ; } interrupt function end

	ORG 0x00002007
2007  3F0A  	DW 0x3F0A
